[10/31/2022 7:57:57 AM] Info: STARTED Step 1/3: Loading source code
[10/31/2022 7:58:02 AM] Info: WFMAP0053: Assigned temporary directory: "C:\Users\lmora\AppData\Local\Temp\WFNetMAP\1031075757858"
[10/31/2022 7:58:02 AM] Info: Starting Code Conversion process. CurrentDirectory = S:\Reps\WFNetConversionTool2\bin\CmdRunner\Debug\net462
[10/31/2022 7:58:02 AM] Info: WFMAP0044: Loading file C:\Users\lmora\AppData\Local\Temp\WFNetMAP\1031075757858\libs\Collectors\Mobilize.Collectors.UICollector.WFPProcessor.5.3.2\Build\Mobilize.Collectors.UICollector.WFPProcessor.dll
[10/31/2022 7:58:02 AM] Info: WFMAP0044: Loading file C:\Users\lmora\AppData\Local\Temp\WFNetMAP\1031075757858\libs\Services\Mobilize.Services.WFHtmlGenerators.5.3.2\Build\Mobilize.Services.WFHtmlGenerators.dll
[10/31/2022 7:58:02 AM] Info: WFMAP0042: Loading service Mobilize.ProjectGeneration.Abstractions.Interfaces.IProjectGeneratorService
[10/31/2022 7:58:02 AM] Info: WFMAP0042: Loading service System.IO.Abstractions.IFileSystem
[10/31/2022 7:58:02 AM] Info: WFMAP0042: Loading service Microsoft.Extensions.Logging.ILogger
[10/31/2022 7:58:02 AM] Info: WFMAP0042: Loading service Mobilize.StubGeneration.Abstractions.IStubGenerationService
[10/31/2022 7:58:02 AM] Info: WFMAP0042: Loading service Mobilize.TransformationCore.ISemanticModel
[10/31/2022 7:58:02 AM] Info: WFMAP0042: Loading service Mobilize.WFNetMAP.ConversionTool.Core.Metrics.IMetricService
[10/31/2022 7:58:02 AM] Debug: WFMAP0046: The total metadata in container is 0
[10/31/2022 7:58:02 AM] Info: EFProcess 638027998823741494 started
[10/31/2022 7:58:02 AM] Debug: TaskParam config = Mobilize.WFNetMAP.ConversionTool.Core.WebFormsConfig
[10/31/2022 7:58:02 AM] Debug: TaskParam crashedResult = Mobilize.WFNetMAP.ConversionTool.Core.WFNetConversionResult
[10/31/2022 7:58:02 AM] Debug: TaskParam excludedProjects = 
[10/31/2022 7:58:02 AM] Debug: TaskParam baseContext = Mobilize.WFNetMAP.ConversionTool.Core.CSharpReplaceContext
[10/31/2022 7:58:02 AM] Debug: TaskParam notifier = Mobilize.WFNetMAP.ConversionTool.Core.WFNetUINotifier
[10/31/2022 7:58:02 AM] Debug: TaskParam SymbolsService = Value is not created.
[10/31/2022 7:58:02 AM] Debug: TaskParam PreProcessConversionTask.Input = S:\Reps\WebMAPDemos\src\WebForms\EShop\eShop.sln
[10/31/2022 7:58:02 AM] Debug: TaskParam workingSet = Value is not created.
[10/31/2022 7:58:02 AM] Debug: TaskParam PreProcessConversionTask.ItemMedatada = Artinsoft.Common.Store.ItemMetadata
[10/31/2022 7:58:02 AM] Debug: TaskParam PreProcessConversionTask.Enabled = True
[10/31/2022 7:58:02 AM] Debug: TaskParam Repository = Value is not created.
[10/31/2022 7:58:02 AM] Debug: TaskParam RepositoryDirectory = C:\Users\lmora\AppData\Local\Mobilize.NET\CommonEF\repo
[10/31/2022 7:58:03 AM] Debug: TaskParam config = Mobilize.WFNetMAP.ConversionTool.Core.WebFormsConfig
[10/31/2022 7:58:03 AM] Debug: TaskParam methodHandlers = Value is not created.
[10/31/2022 7:58:03 AM] Debug: TaskParam baseContext = Mobilize.WFNetMAP.ConversionTool.Core.CSharpReplaceContext
[10/31/2022 7:58:03 AM] Debug: TaskParam notifier = Mobilize.WFNetMAP.ConversionTool.Core.WFNetUINotifier
[10/31/2022 7:58:03 AM] Debug: TaskParam projects = Mobilize.Common.Contracts.CodeProcessor.ProjectDescriptor
[10/31/2022 7:58:03 AM] Debug: TaskParam SymbolsService = Artinsoft.Common.NetAggregation.SymbolsService
[10/31/2022 7:58:03 AM] Debug: TaskParam CollectorBackgroundWorkerHandlersTask.Input = S:\Reps\WebMAPDemos\src\WebForms\EShop\eShop.sln
[10/31/2022 7:58:03 AM] Debug: TaskParam workingSet = Artinsoft.Common.Store.RepositoryWorkingSet`2[System.String,Artinsoft.Common.Store.IItemContainer]
[10/31/2022 7:58:03 AM] Debug: TaskParam CollectorBackgroundWorkerHandlersTask.ItemMedatada = Artinsoft.Common.Store.ItemMetadata
[10/31/2022 7:58:03 AM] Debug: TaskParam CollectorBackgroundWorkerHandlersTask.Enabled = True
[10/31/2022 7:58:03 AM] Debug: TaskParam Repository = Artinsoft.Common.Store.Repository
[10/31/2022 7:58:03 AM] Debug: TaskParam RepositoryDirectory = C:\Users\lmora\AppData\Local\Mobilize.NET\CommonEF\repo
[10/31/2022 7:58:05 AM] Debug: TaskParam config = Mobilize.WFNetMAP.ConversionTool.Core.WebFormsConfig
[10/31/2022 7:58:05 AM] Debug: TaskParam methodHandlers = System.Collections.Generic.Dictionary`2[System.String,System.Collections.Generic.IDictionary`2[Mobilize.WFNetMAP.ConversionTool.Tasks.BackgroundWorker.Collector.BackgroundWorkerHandlers,System.Collections.Generic.HashSet`1[System.String]]]
[10/31/2022 7:58:05 AM] Debug: TaskParam baseContext = Mobilize.WFNetMAP.ConversionTool.Core.CSharpReplaceContext
[10/31/2022 7:58:05 AM] Debug: TaskParam notifier = Mobilize.WFNetMAP.ConversionTool.Core.WFNetUINotifier
[10/31/2022 7:58:05 AM] Debug: TaskParam projects = Mobilize.Common.Contracts.CodeProcessor.ProjectDescriptor
[10/31/2022 7:58:05 AM] Debug: TaskParam SymbolsService = Artinsoft.Common.NetAggregation.SymbolsService
[10/31/2022 7:58:05 AM] Debug: TaskParam BackgroundWorkerHandlersAnalyzerTask.Input = S:\Reps\WebMAPDemos\src\WebForms\EShop\eShop.sln
[10/31/2022 7:58:05 AM] Debug: TaskParam workingSet = Artinsoft.Common.Store.RepositoryWorkingSet`2[System.String,Artinsoft.Common.Store.IItemContainer]
[10/31/2022 7:58:05 AM] Debug: TaskParam BackgroundWorkerHandlersAnalyzerTask.ItemMedatada = Artinsoft.Common.Store.ItemMetadata
[10/31/2022 7:58:05 AM] Debug: TaskParam BackgroundWorkerHandlersAnalyzerTask.Enabled = True
[10/31/2022 7:58:05 AM] Debug: TaskParam Repository = Artinsoft.Common.Store.Repository
[10/31/2022 7:58:05 AM] Debug: TaskParam RepositoryDirectory = C:\Users\lmora\AppData\Local\Mobilize.NET\CommonEF\repo
[10/31/2022 7:58:06 AM] Info: COMPLETED Step 1/3: Loading source code
[10/31/2022 7:58:06 AM] Debug: TaskParam config = Mobilize.WFNetMAP.ConversionTool.Core.WebFormsConfig
[10/31/2022 7:58:06 AM] Debug: TaskParam pageInformation = Mobilize.WFNetMAP.ConversionTool.Utils.WebForms.Data.PageDataService
[10/31/2022 7:58:06 AM] Debug: TaskParam baseContext = Mobilize.WFNetMAP.ConversionTool.Core.CSharpReplaceContext
[10/31/2022 7:58:06 AM] Debug: TaskParam notifier = Mobilize.WFNetMAP.ConversionTool.Core.WFNetUINotifier
[10/31/2022 7:58:06 AM] Debug: TaskParam projects = Mobilize.Common.Contracts.CodeProcessor.ProjectDescriptor
[10/31/2022 7:58:06 AM] Debug: TaskParam SymbolsService = Artinsoft.Common.NetAggregation.SymbolsService
[10/31/2022 7:58:06 AM] Debug: TaskParam InitializeComponentTask.Input = S:\Reps\WebMAPDemos\src\WebForms\EShop\eShop.sln
[10/31/2022 7:58:06 AM] Debug: TaskParam workingSet = Artinsoft.Common.Store.RepositoryWorkingSet`2[System.String,Artinsoft.Common.Store.IItemContainer]
[10/31/2022 7:58:06 AM] Debug: TaskParam InitializeComponentTask.ItemMedatada = Artinsoft.Common.Store.ItemMetadata
[10/31/2022 7:58:06 AM] Debug: TaskParam InitializeComponentTask.Enabled = True
[10/31/2022 7:58:06 AM] Debug: TaskParam Repository = Artinsoft.Common.Store.Repository
[10/31/2022 7:58:06 AM] Debug: TaskParam RepositoryDirectory = C:\Users\lmora\AppData\Local\Mobilize.NET\CommonEF\repo
[10/31/2022 7:58:06 AM] Info: STARTED Step 2/3: Converting source code
[10/31/2022 7:58:06 AM] Info: Registered new source with name: S:\Reps\WebMAPDemos\src\WebForms\EShop\src\eShopLegacyWebForms\Home.aspx.__upgraded.cs
[10/31/2022 7:58:07 AM] Debug: TaskParam pageInformation = Mobilize.WFNetMAP.ConversionTool.Utils.WebForms.Data.PageDataService
[10/31/2022 7:58:07 AM] Debug: TaskParam inputRootPath = S:\Reps\WebMAPDemos\src\WebForms\EShop
[10/31/2022 7:58:07 AM] Debug: TaskParam excludedProjects = 
[10/31/2022 7:58:07 AM] Debug: TaskParam projectsProjectReferences = [EShopLegacyWebForms, System.Collections.Generic.List`1[System.String]]
[10/31/2022 7:58:07 AM] Debug: TaskParam config = Mobilize.WFNetMAP.ConversionTool.Core.WebFormsConfig
[10/31/2022 7:58:07 AM] Debug: TaskParam modules = 
[10/31/2022 7:58:07 AM] Debug: TaskParam frontEndAppName = eShopLegacyWebForms
[10/31/2022 7:58:07 AM] Debug: TaskParam frontEndAppOutputPath = S:\Demos\Webforms\EShopSales3\src\eShopLegacyWebForms
[10/31/2022 7:58:07 AM] Debug: TaskParam baseContext = Mobilize.WFNetMAP.ConversionTool.Core.CSharpReplaceContext
[10/31/2022 7:58:07 AM] Debug: TaskParam notifier = Mobilize.WFNetMAP.ConversionTool.Core.WFNetUINotifier
[10/31/2022 7:58:07 AM] Debug: TaskParam projects = Mobilize.Common.Contracts.CodeProcessor.ProjectDescriptor
[10/31/2022 7:58:07 AM] Debug: TaskParam SymbolsService = Artinsoft.Common.NetAggregation.SymbolsService
[10/31/2022 7:58:07 AM] Debug: TaskParam WebFormFrontEndGenerationTask.Input = S:\Reps\WebMAPDemos\src\WebForms\EShop\eShop.sln
[10/31/2022 7:58:07 AM] Debug: TaskParam workingSet = Artinsoft.Common.Store.RepositoryWorkingSet`2[System.String,Artinsoft.Common.Store.IItemContainer]
[10/31/2022 7:58:07 AM] Debug: TaskParam WebFormFrontEndGenerationTask.ItemMedatada = Artinsoft.Common.Store.ItemMetadata
[10/31/2022 7:58:07 AM] Debug: TaskParam WebFormFrontEndGenerationTask.Enabled = True
[10/31/2022 7:58:07 AM] Debug: TaskParam Repository = Artinsoft.Common.Store.Repository
[10/31/2022 7:58:07 AM] Debug: TaskParam RepositoryDirectory = C:\Users\lmora\AppData\Local\Mobilize.NET\CommonEF\repo
[10/31/2022 7:58:07 AM] Info: Project Generation started
[10/31/2022 7:58:07 AM] Info: Project Generation finished: Successful
[10/31/2022 7:58:07 AM] Info: The angular site was generated successfully.Generation Result: Successful
[10/31/2022 7:58:07 AM] Info: Project Generation started
[10/31/2022 7:58:07 AM] Info: Project Generation finished: Successful
[10/31/2022 7:58:07 AM] Info: The angular AppModule was generated successfully.Generation Result: Successful
[10/31/2022 7:58:07 AM] Info: Project Generation started
[10/31/2022 7:58:07 AM] Info: Project Generation finished: Successful
[10/31/2022 7:58:07 AM] Info: The module file for eShopLegacyWebForms was generated successfully.Generation Result: Successful
[10/31/2022 7:58:07 AM] Info: Project Generation started
[10/31/2022 7:58:07 AM] Info: Project Generation finished: Successful
[10/31/2022 7:58:07 AM] Info: The index for the module eShopLegacyWebForms was generated successfully.Generation Result: Successful
[10/31/2022 7:58:07 AM] Debug: TaskParam config = Mobilize.WFNetMAP.ConversionTool.Core.WebFormsConfig
[10/31/2022 7:58:07 AM] Debug: TaskParam classLibFields = 
[10/31/2022 7:58:07 AM] Debug: TaskParam excludedProjects = 
[10/31/2022 7:58:07 AM] Debug: TaskParam startupObjectStatement = 
[10/31/2022 7:58:07 AM] Debug: TaskParam baseContext = Mobilize.WFNetMAP.ConversionTool.Core.CSharpReplaceContext
[10/31/2022 7:58:07 AM] Debug: TaskParam notifier = Mobilize.WFNetMAP.ConversionTool.Core.WFNetUINotifier
[10/31/2022 7:58:07 AM] Debug: TaskParam projects = Mobilize.Common.Contracts.CodeProcessor.ProjectDescriptor
[10/31/2022 7:58:07 AM] Debug: TaskParam SymbolsService = Artinsoft.Common.NetAggregation.SymbolsService
[10/31/2022 7:58:07 AM] Debug: TaskParam TransformationsTask.Input = S:\Reps\WebMAPDemos\src\WebForms\EShop\eShop.sln
[10/31/2022 7:58:07 AM] Debug: TaskParam workingSet = Artinsoft.Common.Store.RepositoryWorkingSet`2[System.String,Artinsoft.Common.Store.IItemContainer]
[10/31/2022 7:58:07 AM] Debug: TaskParam TransformationsTask.ItemMedatada = Artinsoft.Common.Store.ItemMetadata
[10/31/2022 7:58:07 AM] Debug: TaskParam TransformationsTask.Enabled = True
[10/31/2022 7:58:07 AM] Debug: TaskParam Repository = Artinsoft.Common.Store.Repository
[10/31/2022 7:58:07 AM] Debug: TaskParam RepositoryDirectory = C:\Users\lmora\AppData\Local\Mobilize.NET\CommonEF\repo
[10/31/2022 7:58:07 AM] Info: WFMAP0071: BundleConfig.cs started the transformation.
[10/31/2022 7:58:07 AM] Info: WFMAP0071: Create.aspx.cs started the transformation.
[10/31/2022 7:58:07 AM] Info: WFMAP0071: Create.aspx.designer.cs started the transformation.
[10/31/2022 7:58:07 AM] Info: WFMAP0071: Delete.aspx.cs started the transformation.
[10/31/2022 7:58:07 AM] Info: WFMAP0071: Delete.aspx.designer.cs started the transformation.
[10/31/2022 7:58:07 AM] Info: WFMAP0071: Details.aspx.cs started the transformation.
[10/31/2022 7:58:07 AM] Info: WFMAP0071: Details.aspx.designer.cs started the transformation.
[10/31/2022 7:58:07 AM] Info: WFMAP0071: Edit.aspx.cs started the transformation.
[10/31/2022 7:58:08 AM] Info: WFMAP0014: Edit.aspx.cs has been transformed successfully.
[10/31/2022 7:58:08 AM] Info: WFMAP0014: Delete.aspx.designer.cs has been transformed successfully.
[10/31/2022 7:58:08 AM] Info: WFMAP0014: Create.aspx.designer.cs has been transformed successfully.
[10/31/2022 7:58:08 AM] Info: WFMAP0014: BundleConfig.cs has been transformed successfully.
[10/31/2022 7:58:08 AM] Info: WFMAP0014: Details.aspx.designer.cs has been transformed successfully.
[10/31/2022 7:58:08 AM] Info: WFMAP0014: Create.aspx.cs has been transformed successfully.
[10/31/2022 7:58:08 AM] Info: WFMAP0014: Details.aspx.cs has been transformed successfully.
[10/31/2022 7:58:08 AM] Info: WFMAP0071: Edit.aspx.designer.cs started the transformation.
[10/31/2022 7:58:08 AM] Info: WFMAP0071: Home.aspx.cs started the transformation.
[10/31/2022 7:58:08 AM] Info: WFMAP0014: Delete.aspx.cs has been transformed successfully.
[10/31/2022 7:58:08 AM] Info: WFMAP0071: Home.aspx.designer.cs started the transformation.
[10/31/2022 7:58:08 AM] Info: WFMAP0071: Global.asax.cs started the transformation.
[10/31/2022 7:58:08 AM] Info: WFMAP0071: LogIn.aspx.cs started the transformation.
[10/31/2022 7:58:08 AM] Info: WFMAP0014: Home.aspx.designer.cs has been transformed successfully.
[10/31/2022 7:58:08 AM] Info: WFMAP0071: LogIn.aspx.designer.cs started the transformation.
[10/31/2022 7:58:08 AM] Info: WFMAP0014: Edit.aspx.designer.cs has been transformed successfully.
[10/31/2022 7:58:08 AM] Info: WFMAP0014: LogIn.aspx.designer.cs has been transformed successfully.
[10/31/2022 7:58:08 AM] Info: WFMAP0071: CatalogBrand.cs started the transformation.
[10/31/2022 7:58:08 AM] Info: WFMAP0071: CatalogDBContext.cs started the transformation.
[10/31/2022 7:58:08 AM] Info: WFMAP0014: CatalogBrand.cs has been transformed successfully.
[10/31/2022 7:58:08 AM] Info: WFMAP0071: CatalogItem.cs started the transformation.
[10/31/2022 7:58:08 AM] Info: WFMAP0014: CatalogDBContext.cs has been transformed successfully.
[10/31/2022 7:58:08 AM] Info: WFMAP0071: CatalogItemHiLoGenerator.cs started the transformation.
[10/31/2022 7:58:08 AM] Info: WFMAP0014: LogIn.aspx.cs has been transformed successfully.
[10/31/2022 7:58:08 AM] Info: WFMAP0071: CatalogType.cs started the transformation.
[10/31/2022 7:58:08 AM] Info: WFMAP0014: CatalogType.cs has been transformed successfully.
[10/31/2022 7:58:08 AM] Info: WFMAP0071: CatalogDBInitializer.cs started the transformation.
[10/31/2022 7:58:08 AM] Info: WFMAP0014: Global.asax.cs has been transformed successfully.
[10/31/2022 7:58:08 AM] Info: WFMAP0071: PreconfiguredData.cs started the transformation.
[10/31/2022 7:58:08 AM] Info: WFMAP0014: Home.aspx.cs has been transformed successfully.
[10/31/2022 7:58:08 AM] Info: WFMAP0071: AssemblyInfo.cs started the transformation.
[10/31/2022 7:58:08 AM] Info: WFMAP0071: CatalogService.cs started the transformation.
[10/31/2022 7:58:08 AM] Info: WFMAP0071: CatalogServiceMock.cs started the transformation.
[10/31/2022 7:58:08 AM] Info: WFMAP0014: AssemblyInfo.cs has been transformed successfully.
[10/31/2022 7:58:08 AM] Info: WFMAP0071: ICatalogService.cs started the transformation.
[10/31/2022 7:58:08 AM] Info: WFMAP0014: CatalogItemHiLoGenerator.cs has been transformed successfully.
[10/31/2022 7:58:08 AM] Info: WFMAP0014: ICatalogService.cs has been transformed successfully.
[10/31/2022 7:58:08 AM] Info: WFMAP0071: Site.Master.cs started the transformation.
[10/31/2022 7:58:08 AM] Info: WFMAP0071: Site.Master.designer.cs started the transformation.
[10/31/2022 7:58:08 AM] Info: WFMAP0071: CatalogItemsViewModel.cs started the transformation.
[10/31/2022 7:58:08 AM] Info: WFMAP0014: CatalogItem.cs has been transformed successfully.
[10/31/2022 7:58:08 AM] Info: WFMAP0014: CatalogItemsViewModel.cs has been transformed successfully.
[10/31/2022 7:58:08 AM] Info: WFMAP0014: Site.Master.designer.cs has been transformed successfully.
[10/31/2022 7:58:08 AM] Info: WFMAP0014: Site.Master.cs has been transformed successfully.
[10/31/2022 7:58:08 AM] Info: WFMAP0014: PreconfiguredData.cs has been transformed successfully.
[10/31/2022 7:58:08 AM] Info: WFMAP0071: Home.aspx.__upgraded.cs started the transformation.
[10/31/2022 7:58:08 AM] Info: WFMAP0014: Home.aspx.__upgraded.cs has been transformed successfully.
[10/31/2022 7:58:08 AM] Info: WFMAP0014: CatalogDBInitializer.cs has been transformed successfully.
[10/31/2022 7:58:08 AM] Info: WFMAP0014: CatalogService.cs has been transformed successfully.
[10/31/2022 7:58:08 AM] Info: WFMAP0014: CatalogServiceMock.cs has been transformed successfully.
[10/31/2022 7:58:08 AM] Debug: TaskParam config = Mobilize.WFNetMAP.ConversionTool.Core.WebFormsConfig
[10/31/2022 7:58:08 AM] Debug: TaskParam pageInformation = Mobilize.WFNetMAP.ConversionTool.Utils.WebForms.Data.PageDataService
[10/31/2022 7:58:08 AM] Debug: TaskParam componentNames = [S:\Reps\WebMAPDemos\src\WebForms\EShop\src\eShopLegacyWebForms\Catalog\Delete.aspx, Mobilize.WFNetMAP.ConversionTool.Tasks.WebForms.ComponentDataName], [S:\Reps\WebMAPDemos\src\WebForms\EShop\src\eShopLegacyWebForms\LogIn.aspx, Mobilize.WFNetMAP.ConversionTool.Tasks.WebForms.ComponentDataName], [S:\Reps\WebMAPDemos\src\WebForms\EShop\src\eShopLegacyWebForms\Catalog\Edit.aspx, Mobilize.WFNetMAP.ConversionTool.Tasks.WebForms.ComponentDataName], [S:\Reps\WebMAPDemos\src\WebForms\EShop\src\eShopLegacyWebForms\Catalog\Create.aspx, Mobilize.WFNetMAP.ConversionTool.Tasks.WebForms.ComponentDataName], [S:\Reps\WebMAPDemos\src\WebForms\EShop\src\eShopLegacyWebForms\Catalog\Details.aspx, Mobilize.WFNetMAP.ConversionTool.Tasks.WebForms.ComponentDataName], [S:\Reps\WebMAPDemos\src\WebForms\EShop\src\eShopLegacyWebForms\Home.aspx, Mobilize.WFNetMAP.ConversionTool.Tasks.WebForms.ComponentDataName], [S:\Reps\WebMAPDemos\src\WebForms\EShop\src\eShopLegacyWebForms\Site.Master, Mobilize.WFNetMAP.ConversionTool.Tasks.WebForms.ComponentDataName]
[10/31/2022 7:58:08 AM] Debug: TaskParam baseContext = Mobilize.WFNetMAP.ConversionTool.Core.CSharpReplaceContext
[10/31/2022 7:58:08 AM] Debug: TaskParam notifier = Mobilize.WFNetMAP.ConversionTool.Core.WFNetUINotifier
[10/31/2022 7:58:08 AM] Debug: TaskParam projects = Mobilize.Common.Contracts.CodeProcessor.ProjectDescriptor
[10/31/2022 7:58:08 AM] Debug: TaskParam SymbolsService = Artinsoft.Common.NetAggregation.SymbolsService
[10/31/2022 7:58:08 AM] Debug: TaskParam WebFormsTransformationsTask.Input = S:\Reps\WebMAPDemos\src\WebForms\EShop\eShop.sln
[10/31/2022 7:58:08 AM] Debug: TaskParam workingSet = Artinsoft.Common.Store.RepositoryWorkingSet`2[System.String,Artinsoft.Common.Store.IItemContainer]
[10/31/2022 7:58:08 AM] Debug: TaskParam WebFormsTransformationsTask.ItemMedatada = Artinsoft.Common.Store.ItemMetadata
[10/31/2022 7:58:08 AM] Debug: TaskParam WebFormsTransformationsTask.Enabled = True
[10/31/2022 7:58:08 AM] Debug: TaskParam Repository = Artinsoft.Common.Store.Repository
[10/31/2022 7:58:08 AM] Debug: TaskParam RepositoryDirectory = C:\Users\lmora\AppData\Local\Mobilize.NET\CommonEF\repo
[10/31/2022 7:58:08 AM] Info: Start Converting from ASPNet to Html: Create.aspx
[10/31/2022 7:58:08 AM] Info: Start Converting from ASPNet to Html: Details.aspx
[10/31/2022 7:58:08 AM] Info: Start Converting from ASPNet to Html: LogIn.aspx
[10/31/2022 7:58:08 AM] Info: Start Converting from ASPNet to Html: Edit.aspx
[10/31/2022 7:58:08 AM] Info: Start Converting from ASPNet to Html: Site.Master
[10/31/2022 7:58:08 AM] Info: Start Converting from ASPNet to Html: Home.aspx
[10/31/2022 7:58:08 AM] Info: Start Converting from ASPNet to Html: Delete.aspx
[10/31/2022 7:58:08 AM] Info: Converted from ASPNet to Html: LogIn.aspx
[10/31/2022 7:58:08 AM] Info: Converted from ASPNet to Html: Details.aspx
[10/31/2022 7:58:08 AM] Info: Converted from ASPNet to Html: Edit.aspx
[10/31/2022 7:58:08 AM] Info: Converted from ASPNet to Html: Delete.aspx
[10/31/2022 7:58:08 AM] Info: Converted from ASPNet to Html: Create.aspx
[10/31/2022 7:58:09 AM] Info: Converted from ASPNet to Html: Site.Master
[10/31/2022 7:58:09 AM] Info: Converted from ASPNet to Html: Home.aspx
[10/31/2022 7:58:09 AM] Info: COMPLETED Step 2/3: Converting source code
[10/31/2022 7:58:09 AM] Debug: TaskParam baseContext = Mobilize.WFNetMAP.ConversionTool.Core.CSharpReplaceContext
[10/31/2022 7:58:09 AM] Debug: TaskParam notifier = Mobilize.WFNetMAP.ConversionTool.Core.WFNetUINotifier
[10/31/2022 7:58:09 AM] Debug: TaskParam projects = Mobilize.Common.Contracts.CodeProcessor.ProjectDescriptor
[10/31/2022 7:58:09 AM] Debug: TaskParam SymbolsService = Artinsoft.Common.NetAggregation.SymbolsService
[10/31/2022 7:58:09 AM] Debug: TaskParam ApiGenerationTask.Input = S:\Reps\WebMAPDemos\src\WebForms\EShop\eShop.sln
[10/31/2022 7:58:09 AM] Debug: TaskParam workingSet = Artinsoft.Common.Store.RepositoryWorkingSet`2[System.String,Artinsoft.Common.Store.IItemContainer]
[10/31/2022 7:58:09 AM] Debug: TaskParam ApiGenerationTask.ItemMedatada = Artinsoft.Common.Store.ItemMetadata
[10/31/2022 7:58:09 AM] Debug: TaskParam ApiGenerationTask.Enabled = True
[10/31/2022 7:58:09 AM] Debug: TaskParam Repository = Artinsoft.Common.Store.Repository
[10/31/2022 7:58:09 AM] Debug: TaskParam RepositoryDirectory = C:\Users\lmora\AppData\Local\Mobilize.NET\CommonEF\repo
[10/31/2022 7:58:09 AM] Info: STARTED Step 3/3: Writing converted code and reports
[10/31/2022 7:58:09 AM] Debug: TaskParam inputRootPath = S:\Reps\WebMAPDemos\src\WebForms\EShop
[10/31/2022 7:58:09 AM] Debug: TaskParam excludedProjects = 
[10/31/2022 7:58:09 AM] Debug: TaskParam config = Mobilize.WFNetMAP.ConversionTool.Core.WebFormsConfig
[10/31/2022 7:58:09 AM] Debug: TaskParam baseContext = Mobilize.WFNetMAP.ConversionTool.Core.CSharpReplaceContext
[10/31/2022 7:58:09 AM] Debug: TaskParam notifier = Mobilize.WFNetMAP.ConversionTool.Core.WFNetUINotifier
[10/31/2022 7:58:09 AM] Debug: TaskParam projects = Mobilize.Common.Contracts.CodeProcessor.ProjectDescriptor
[10/31/2022 7:58:09 AM] Debug: TaskParam SymbolsService = Artinsoft.Common.NetAggregation.SymbolsService
[10/31/2022 7:58:09 AM] Debug: TaskParam WebFormsCSPrettyPrinterTask.Input = S:\Reps\WebMAPDemos\src\WebForms\EShop\eShop.sln
[10/31/2022 7:58:09 AM] Debug: TaskParam workingSet = Artinsoft.Common.Store.RepositoryWorkingSet`2[System.String,Artinsoft.Common.Store.IItemContainer]
[10/31/2022 7:58:09 AM] Debug: TaskParam WebFormsCSPrettyPrinterTask.ItemMedatada = Artinsoft.Common.Store.ItemMetadata
[10/31/2022 7:58:09 AM] Debug: TaskParam WebFormsCSPrettyPrinterTask.Enabled = True
[10/31/2022 7:58:09 AM] Debug: TaskParam Repository = Artinsoft.Common.Store.Repository
[10/31/2022 7:58:09 AM] Debug: TaskParam RepositoryDirectory = C:\Users\lmora\AppData\Local\Mobilize.NET\CommonEF\repo
[10/31/2022 7:58:09 AM] Info: WFMAP0025: Start pretty printing eShopLegacyWebForms project.
[10/31/2022 7:58:09 AM] Info: WFMAP0026: End pretty printing eShopLegacyWebForms project.
[10/31/2022 7:58:09 AM] Debug: TaskParam componentNames = [S:\Reps\WebMAPDemos\src\WebForms\EShop\src\eShopLegacyWebForms\Catalog\Delete.aspx, Mobilize.WFNetMAP.ConversionTool.Tasks.WebForms.ComponentDataName], [S:\Reps\WebMAPDemos\src\WebForms\EShop\src\eShopLegacyWebForms\LogIn.aspx, Mobilize.WFNetMAP.ConversionTool.Tasks.WebForms.ComponentDataName], [S:\Reps\WebMAPDemos\src\WebForms\EShop\src\eShopLegacyWebForms\Catalog\Edit.aspx, Mobilize.WFNetMAP.ConversionTool.Tasks.WebForms.ComponentDataName], [S:\Reps\WebMAPDemos\src\WebForms\EShop\src\eShopLegacyWebForms\Catalog\Create.aspx, Mobilize.WFNetMAP.ConversionTool.Tasks.WebForms.ComponentDataName], [S:\Reps\WebMAPDemos\src\WebForms\EShop\src\eShopLegacyWebForms\Catalog\Details.aspx, Mobilize.WFNetMAP.ConversionTool.Tasks.WebForms.ComponentDataName], [S:\Reps\WebMAPDemos\src\WebForms\EShop\src\eShopLegacyWebForms\Home.aspx, Mobilize.WFNetMAP.ConversionTool.Tasks.WebForms.ComponentDataName], [S:\Reps\WebMAPDemos\src\WebForms\EShop\src\eShopLegacyWebForms\Site.Master, Mobilize.WFNetMAP.ConversionTool.Tasks.WebForms.ComponentDataName]
[10/31/2022 7:58:09 AM] Debug: TaskParam frontEndAppOutputPath = S:\Demos\Webforms\EShopSales3\src\eShopLegacyWebForms
[10/31/2022 7:58:09 AM] Debug: TaskParam frontEndAppName = eShopLegacyWebForms
[10/31/2022 7:58:09 AM] Debug: TaskParam inputRootPath = S:\Reps\WebMAPDemos\src\WebForms\EShop
[10/31/2022 7:58:09 AM] Debug: TaskParam excludedProjects = 
[10/31/2022 7:58:09 AM] Debug: TaskParam config = Mobilize.WFNetMAP.ConversionTool.Core.WebFormsConfig
[10/31/2022 7:58:09 AM] Debug: TaskParam baseContext = Mobilize.WFNetMAP.ConversionTool.Core.CSharpReplaceContext
[10/31/2022 7:58:09 AM] Debug: TaskParam notifier = Mobilize.WFNetMAP.ConversionTool.Core.WFNetUINotifier
[10/31/2022 7:58:09 AM] Debug: TaskParam projects = Mobilize.Common.Contracts.CodeProcessor.ProjectDescriptor
[10/31/2022 7:58:09 AM] Debug: TaskParam SymbolsService = Artinsoft.Common.NetAggregation.SymbolsService
[10/31/2022 7:58:09 AM] Debug: TaskParam WebFormsASPNetPrettyPrinterTask.Input = S:\Reps\WebMAPDemos\src\WebForms\EShop\eShop.sln
[10/31/2022 7:58:09 AM] Debug: TaskParam workingSet = Artinsoft.Common.Store.RepositoryWorkingSet`2[System.String,Artinsoft.Common.Store.IItemContainer]
[10/31/2022 7:58:09 AM] Debug: TaskParam WebFormsASPNetPrettyPrinterTask.ItemMedatada = Artinsoft.Common.Store.ItemMetadata
[10/31/2022 7:58:09 AM] Debug: TaskParam WebFormsASPNetPrettyPrinterTask.Enabled = True
[10/31/2022 7:58:09 AM] Debug: TaskParam Repository = Artinsoft.Common.Store.Repository
[10/31/2022 7:58:09 AM] Debug: TaskParam RepositoryDirectory = C:\Users\lmora\AppData\Local\Mobilize.NET\CommonEF\repo
[10/31/2022 7:58:09 AM] Info: WFMAP0025: Start pretty printing eShopLegacyWebForms project.
[10/31/2022 7:58:09 AM] Info: WFMAP0026: End pretty printing eShopLegacyWebForms project.
[10/31/2022 7:58:09 AM] Debug: TaskParam pageInformation = Mobilize.WFNetMAP.ConversionTool.Utils.WebForms.Data.PageDataService
[10/31/2022 7:58:09 AM] Debug: TaskParam excludedProjects = 
[10/31/2022 7:58:09 AM] Debug: TaskParam frontEndAppName = eShopLegacyWebForms
[10/31/2022 7:58:09 AM] Debug: TaskParam config = Mobilize.WFNetMAP.ConversionTool.Core.WebFormsConfig
[10/31/2022 7:58:09 AM] Debug: TaskParam startupObjectStatement = 
[10/31/2022 7:58:09 AM] Debug: TaskParam baseContext = Mobilize.WFNetMAP.ConversionTool.Core.CSharpReplaceContext
[10/31/2022 7:58:09 AM] Debug: TaskParam notifier = Mobilize.WFNetMAP.ConversionTool.Core.WFNetUINotifier
[10/31/2022 7:58:09 AM] Debug: TaskParam projects = Mobilize.Common.Contracts.CodeProcessor.ProjectDescriptor
[10/31/2022 7:58:09 AM] Debug: TaskParam SymbolsService = Artinsoft.Common.NetAggregation.SymbolsService
[10/31/2022 7:58:09 AM] Debug: TaskParam EntryPointSetupTask.Input = S:\Reps\WebMAPDemos\src\WebForms\EShop\eShop.sln
[10/31/2022 7:58:09 AM] Debug: TaskParam workingSet = Artinsoft.Common.Store.RepositoryWorkingSet`2[System.String,Artinsoft.Common.Store.IItemContainer]
[10/31/2022 7:58:09 AM] Debug: TaskParam EntryPointSetupTask.ItemMedatada = Artinsoft.Common.Store.ItemMetadata
[10/31/2022 7:58:09 AM] Debug: TaskParam EntryPointSetupTask.Enabled = True
[10/31/2022 7:58:09 AM] Debug: TaskParam Repository = Artinsoft.Common.Store.Repository
[10/31/2022 7:58:09 AM] Debug: TaskParam RepositoryDirectory = C:\Users\lmora\AppData\Local\Mobilize.NET\CommonEF\repo
[10/31/2022 7:58:09 AM] Debug: TaskParam config = Mobilize.WFNetMAP.ConversionTool.Core.WebFormsConfig
[10/31/2022 7:58:09 AM] Debug: TaskParam excludedProjects = 
[10/31/2022 7:58:09 AM] Debug: TaskParam inputRootPath = S:\Reps\WebMAPDemos\src\WebForms\EShop
[10/31/2022 7:58:09 AM] Debug: TaskParam startupObjectStatement = config[Mobilize.Web.UI.GlobalKeys.DefaultPageTypeKey] = typeof(eShopLegacyWebForms.LogIn).FullName;
new eShopLegacyWebForms.LogIn().Show();
[10/31/2022 7:58:09 AM] Debug: TaskParam frontEndAppName = eShopLegacyWebForms
[10/31/2022 7:58:09 AM] Debug: TaskParam baseContext = Mobilize.WFNetMAP.ConversionTool.Core.CSharpReplaceContext
[10/31/2022 7:58:09 AM] Debug: TaskParam notifier = Mobilize.WFNetMAP.ConversionTool.Core.WFNetUINotifier
[10/31/2022 7:58:09 AM] Debug: TaskParam projects = Mobilize.Common.Contracts.CodeProcessor.ProjectDescriptor
[10/31/2022 7:58:09 AM] Debug: TaskParam SymbolsService = Artinsoft.Common.NetAggregation.SymbolsService
[10/31/2022 7:58:09 AM] Debug: TaskParam WebFormsProjectGenerationTask.Input = S:\Reps\WebMAPDemos\src\WebForms\EShop\eShop.sln
[10/31/2022 7:58:09 AM] Debug: TaskParam workingSet = Artinsoft.Common.Store.RepositoryWorkingSet`2[System.String,Artinsoft.Common.Store.IItemContainer]
[10/31/2022 7:58:09 AM] Debug: TaskParam WebFormsProjectGenerationTask.ItemMedatada = Artinsoft.Common.Store.ItemMetadata
[10/31/2022 7:58:09 AM] Debug: TaskParam WebFormsProjectGenerationTask.Enabled = True
[10/31/2022 7:58:09 AM] Debug: TaskParam Repository = Artinsoft.Common.Store.Repository
[10/31/2022 7:58:09 AM] Debug: TaskParam RepositoryDirectory = C:\Users\lmora\AppData\Local\Mobilize.NET\CommonEF\repo
[10/31/2022 7:58:09 AM] Info: Project Generation started
[10/31/2022 7:58:09 AM] Info: Project Generation finished: Successful
[10/31/2022 7:58:09 AM] Debug: TaskParam config = Mobilize.WFNetMAP.ConversionTool.Core.WebFormsConfig
[10/31/2022 7:58:09 AM] Debug: TaskParam excludedProjects = 
[10/31/2022 7:58:09 AM] Debug: TaskParam inputRootPath = S:\Reps\WebMAPDemos\src\WebForms\EShop
[10/31/2022 7:58:09 AM] Debug: TaskParam frontEndAppName = eShopLegacyWebForms
[10/31/2022 7:58:09 AM] Debug: TaskParam frontEndAppOutputPath = S:\Demos\Webforms\EShopSales3\src\eShopLegacyWebForms
[10/31/2022 7:58:09 AM] Debug: TaskParam baseContext = Mobilize.WFNetMAP.ConversionTool.Core.CSharpReplaceContext
[10/31/2022 7:58:09 AM] Debug: TaskParam notifier = Mobilize.WFNetMAP.ConversionTool.Core.WFNetUINotifier
[10/31/2022 7:58:09 AM] Debug: TaskParam projects = Mobilize.Common.Contracts.CodeProcessor.ProjectDescriptor
[10/31/2022 7:58:09 AM] Debug: TaskParam SymbolsService = Artinsoft.Common.NetAggregation.SymbolsService
[10/31/2022 7:58:09 AM] Debug: TaskParam SolutionGenerationTask.Input = S:\Reps\WebMAPDemos\src\WebForms\EShop\eShop.sln
[10/31/2022 7:58:09 AM] Debug: TaskParam workingSet = Artinsoft.Common.Store.RepositoryWorkingSet`2[System.String,Artinsoft.Common.Store.IItemContainer]
[10/31/2022 7:58:09 AM] Debug: TaskParam SolutionGenerationTask.ItemMedatada = Artinsoft.Common.Store.ItemMetadata
[10/31/2022 7:58:09 AM] Debug: TaskParam SolutionGenerationTask.Enabled = True
[10/31/2022 7:58:09 AM] Debug: TaskParam Repository = Artinsoft.Common.Store.Repository
[10/31/2022 7:58:09 AM] Debug: TaskParam RepositoryDirectory = C:\Users\lmora\AppData\Local\Mobilize.NET\CommonEF\repo
[10/31/2022 7:58:09 AM] Info: Project Generation started
[10/31/2022 7:58:09 AM] Info: Project Generation finished: Successful
[10/31/2022 7:58:09 AM] Info: Project Generation started
[10/31/2022 7:58:09 AM] Info: Project Generation finished: Successful
[10/31/2022 7:58:09 AM] Info: The solution was generated successfully. Generation Result: Successful
[10/31/2022 7:58:09 AM] Info: COMPLETED Step 3/3: Writing converted code and reports
[10/31/2022 7:58:09 AM] Info: EFProcess 638027998823741494 ended. Excecution time: 00:00:07.3798142
[10/31/2022 7:58:09 AM] Info: 
=========================================================================
Conversion Inventory
	Total Number of Files: 29
	Input Total Size: 0.05 MB
	Number of Errors: 0
=========================================================================
Conversion Overview
	*Successfully Converted: 99.58%
	Not Converted: 0.42%

	*Conversion issues may arise while executing the output application and manual work might be needed.
	 Please check the documentation for further information on how to run the output application.
=========================================================================
Conversion Performance
	Elapsed Time: 00:00:07:72
	Speed: 1253.22 language elements per second.
=========================================================================

